-------------------------------------------------------------------------------
Test set: com.ibm.test.TestEmpDept
-------------------------------------------------------------------------------
Tests run: 1, Failures: 1, Errors: 0, Skipped: 0, Time elapsed: 0 sec <<< FAILURE!
com.ibm.test.TestEmpDept.testSaveDept()  Time elapsed: 0 sec  <<< FAILURE!
java.lang.NullPointerException
	at com.ibm.test.TestEmpDept.testSaveDept(TestEmpDept.java:22)

